# JRE version: OpenJDK Runtime Environment (17.0.7) (build 17.0.7+0-b2043.56-10550314)
# Java VM: OpenJDK 64-Bit Server VM (17.0.7+0-b2043.56-10550314, mixed mode, tiered, compressed oops, compressed class ptrs, g1 gc, windows-amd64)
GC Precious Log:
 CPUs: 4 total, 4 available
 Memory: 7975M
 Large Page Support: Disabled
 NUMA Support: Disabled
 Compressed Oops: Enabled (32-bit)
 Heap Region Size: 1M
 Heap Min Capacity: 8M
 Heap Initial Capacity: 126M
 Heap Max Capacity: 1994M
 Pre-touch: Disabled
 Parallel Workers: 4
 Concurrent Workers: 1
 Concurrent Refinement Workers: 4
 Periodic GC: Disabled
Heap:
 garbage-first heap   total 136192K, used 81230K [0x0000000083600000, 0x0000000100000000)
  region size 1024K, 5 young (5120K), 5 survivors (5120K)
 Metaspace       used 68310K, committed 68608K, reserved 1114112K
  class space    used 7887K, committed 8064K, reserved 1048576K
GC Heap History (20 events):
Event: 10.709 GC heap after
{Heap after GC invocations=17 (full 0):
 garbage-first heap   total 108544K, used 54272K [0x0000000083600000, 0x0000000100000000)
  region size 1024K, 5 young (5120K), 5 survivors (5120K)
 Metaspace       used 57562K, committed 57792K, reserved 1114112K
  class space    used 6671K, committed 6784K, reserved 1048576K
}
Event: 11.171 GC heap before
{Heap before GC invocations=17 (full 0):
 garbage-first heap   total 108544K, used 82944K [0x0000000083600000, 0x0000000100000000)
  region size 1024K, 33 young (33792K), 5 survivors (5120K)
 Metaspace       used 57680K, committed 57920K, reserved 1114112K
  class space    used 6671K, committed 6784K, reserved 1048576K
}
Event: 11.196 GC heap after
{Heap after GC invocations=18 (full 0):
 garbage-first heap   total 108544K, used 59904K [0x0000000083600000, 0x0000000100000000)
  region size 1024K, 5 young (5120K), 5 survivors (5120K)
 Metaspace       used 57680K, committed 57920K, reserved 1114112K
  class space    used 6671K, committed 6784K, reserved 1048576K
}
Event: 11.650 GC heap before
{Heap before GC invocations=19 (full 0):
 garbage-first heap   total 108544K, used 84480K [0x0000000083600000, 0x0000000100000000)
  region size 1024K, 29 young (29696K), 5 survivors (5120K)
 Metaspace       used 57685K, committed 57920K, reserved 1114112K
  class space    used 6671K, committed 6784K, reserved 1048576K
}
Event: 11.667 GC heap after
{Heap after GC invocations=20 (full 0):
 garbage-first heap   total 108544K, used 64512K [0x0000000083600000, 0x0000000100000000)
  region size 1024K, 4 young (4096K), 4 survivors (4096K)
 Metaspace       used 57685K, committed 57920K, reserved 1114112K
  class space    used 6671K, committed 6784K, reserved 1048576K
}
Event: 11.680 GC heap before
{Heap before GC invocations=20 (full 0):
 garbage-first heap   total 108544K, used 65536K [0x0000000083600000, 0x0000000100000000)
  region size 1024K, 5 young (5120K), 4 survivors (4096K)
 Metaspace       used 57685K, committed 57920K, reserved 1114112K
  class space    used 6671K, committed 6784K, reserved 1048576K
}
Event: 11.690 GC heap after
{Heap after GC invocations=21 (full 0):
 garbage-first heap   total 136192K, used 65369K [0x0000000083600000, 0x0000000100000000)
  region size 1024K, 1 young (1024K), 1 survivors (1024K)
 Metaspace       used 57685K, committed 57920K, reserved 1114112K
  class space    used 6671K, committed 6784K, reserved 1048576K
}
Event: 11.972 GC heap before
{Heap before GC invocations=21 (full 0):
 garbage-first heap   total 136192K, used 103257K [0x0000000083600000, 0x0000000100000000)
  region size 1024K, 38 young (38912K), 1 survivors (1024K)
 Metaspace       used 57796K, committed 57984K, reserved 1114112K
  class space    used 6693K, committed 6784K, reserved 1048576K
}
Event: 11.978 GC heap after
{Heap after GC invocations=22 (full 0):
 garbage-first heap   total 136192K, used 67038K [0x0000000083600000, 0x0000000100000000)
  region size 1024K, 3 young (3072K), 3 survivors (3072K)
 Metaspace       used 57796K, committed 57984K, reserved 1114112K
  class space    used 6693K, committed 6784K, reserved 1048576K
}
Event: 12.218 GC heap before
{Heap before GC invocations=23 (full 0):
 garbage-first heap   total 136192K, used 104926K [0x0000000083600000, 0x0000000100000000)
  region size 1024K, 40 young (40960K), 3 survivors (3072K)
 Metaspace       used 57802K, committed 58048K, reserved 1114112K
  class space    used 6693K, committed 6784K, reserved 1048576K
}
Event: 12.222 GC heap after
{Heap after GC invocations=24 (full 0):
 garbage-first heap   total 136192K, used 67124K [0x0000000083600000, 0x0000000100000000)
  region size 1024K, 3 young (3072K), 3 survivors (3072K)
 Metaspace       used 57802K, committed 58048K, reserved 1114112K
  class space    used 6693K, committed 6784K, reserved 1048576K
}
Event: 12.236 GC heap before
{Heap before GC invocations=24 (full 0):
 garbage-first heap   total 136192K, used 70196K [0x0000000083600000, 0x0000000100000000)
  region size 1024K, 6 young (6144K), 3 survivors (3072K)
 Metaspace       used 57802K, committed 58048K, reserved 1114112K
  class space    used 6693K, committed 6784K, reserved 1048576K
}
Event: 12.240 GC heap after
{Heap after GC invocations=25 (full 0):
 garbage-first heap   total 136192K, used 66623K [0x0000000083600000, 0x0000000100000000)
  region size 1024K, 1 young (1024K), 1 survivors (1024K)
 Metaspace       used 57802K, committed 58048K, reserved 1114112K
  class space    used 6693K, committed 6784K, reserved 1048576K
}
Event: 13.380 GC heap before
{Heap before GC invocations=25 (full 0):
 garbage-first heap   total 136192K, used 106559K [0x0000000083600000, 0x0000000100000000)
  region size 1024K, 40 young (40960K), 1 survivors (1024K)
 Metaspace       used 62487K, committed 62784K, reserved 1114112K
  class space    used 7382K, committed 7552K, reserved 1048576K
}
Event: 13.384 GC heap after
{Heap after GC invocations=26 (full 0):
 garbage-first heap   total 136192K, used 67265K [0x0000000083600000, 0x0000000100000000)
  region size 1024K, 2 young (2048K), 2 survivors (2048K)
 Metaspace       used 62487K, committed 62784K, reserved 1114112K
  class space    used 7382K, committed 7552K, reserved 1048576K
}
Event: 16.247 GC heap before
{Heap before GC invocations=27 (full 0):
 garbage-first heap   total 136192K, used 110273K [0x0000000083600000, 0x0000000100000000)
  region size 1024K, 42 young (43008K), 2 survivors (2048K)
 Metaspace       used 66842K, committed 67136K, reserved 1114112K
  class space    used 7784K, committed 7936K, reserved 1048576K
}
Event: 16.260 GC heap after
{Heap after GC invocations=28 (full 0):
 garbage-first heap   total 136192K, used 75669K [0x0000000083600000, 0x0000000100000000)
  region size 1024K, 6 young (6144K), 6 survivors (6144K)
 Metaspace       used 66842K, committed 67136K, reserved 1114112K
  class space    used 7784K, committed 7936K, reserved 1048576K
}
Event: 16.291 GC heap before
{Heap before GC invocations=28 (full 0):
 garbage-first heap   total 136192K, used 76693K [0x0000000083600000, 0x0000000100000000)
  region size 1024K, 7 young (7168K), 6 survivors (6144K)
 Metaspace       used 66878K, committed 67200K, reserved 1114112K
  class space    used 7784K, committed 7936K, reserved 1048576K
}
Event: 16.302 GC heap after
{Heap after GC invocations=29 (full 0):
 garbage-first heap   total 136192K, used 76108K [0x0000000083600000, 0x0000000100000000)
  region size 1024K, 1 young (1024K), 1 survivors (1024K)
 Metaspace       used 66878K, committed 67200K, reserved 1114112K
  class space    used 7784K, committed 7936K, reserved 1048576K
}
Event: 17.954 GC heap before
{Heap before GC invocations=29 (full 0):
 garbage-first heap   total 136192K, used 109900K [0x0000000083600000, 0x0000000100000000)
  region size 1024K, 34 young (34816K), 1 survivors (1024K)
 Metaspace       used 68310K, committed 68608K, reserved 1114112K
  class space    used 7887K, committed 8064K, reserved 1048576K
}

