# JRE version: OpenJDK Runtime Environment (17.0.7) (build 17.0.7+0-b2043.56-10550314)
# Java VM: OpenJDK 64-Bit Server VM (17.0.7+0-b2043.56-10550314, mixed mode, tiered, compressed oops, compressed class ptrs, g1 gc, windows-amd64)
GC Precious Log:
 CPUs: 4 total, 4 available
 Memory: 7975M
 Large Page Support: Disabled
 NUMA Support: Disabled
 Compressed Oops: Enabled (32-bit)
 Heap Region Size: 1M
 Heap Min Capacity: 8M
 Heap Initial Capacity: 126M
 Heap Max Capacity: 2G
 Pre-touch: Disabled
 Parallel Workers: 4
 Concurrent Workers: 1
 Concurrent Refinement Workers: 4
 Periodic GC: Disabled
Heap:
 garbage-first heap   total 121856K, used 41916K [0x0000000080000000, 0x0000000100000000)
  region size 1024K, 13 young (13312K), 4 survivors (4096K)
 Metaspace       used 53548K, committed 54080K, reserved 1114112K
  class space    used 7236K, committed 7488K, reserved 1048576K
GC Heap History (20 events):
Event: 0.845 GC heap before
{Heap before GC invocations=2 (full 0):
 garbage-first heap   total 129024K, used 36120K [0x0000000080000000, 0x0000000100000000)
  region size 1024K, 28 young (28672K), 3 survivors (3072K)
 Metaspace       used 11494K, committed 11648K, reserved 1114112K
  class space    used 1197K, committed 1280K, reserved 1048576K
}
Event: 0.848 GC heap after
{Heap after GC invocations=3 (full 0):
 garbage-first heap   total 129024K, used 13197K [0x0000000080000000, 0x0000000100000000)
  region size 1024K, 3 young (3072K), 3 survivors (3072K)
 Metaspace       used 11494K, committed 11648K, reserved 1114112K
  class space    used 1197K, committed 1280K, reserved 1048576K
}
Event: 1.905 GC heap before
{Heap before GC invocations=3 (full 0):
 garbage-first heap   total 129024K, used 58253K [0x0000000080000000, 0x0000000100000000)
  region size 1024K, 48 young (49152K), 3 survivors (3072K)
 Metaspace       used 21332K, committed 21504K, reserved 1114112K
  class space    used 2571K, committed 2624K, reserved 1048576K
}
Event: 1.911 GC heap after
{Heap after GC invocations=4 (full 0):
 garbage-first heap   total 129024K, used 18329K [0x0000000080000000, 0x0000000100000000)
  region size 1024K, 8 young (8192K), 8 survivors (8192K)
 Metaspace       used 21332K, committed 21504K, reserved 1114112K
  class space    used 2571K, committed 2624K, reserved 1048576K
}
Event: 2.492 GC heap before
{Heap before GC invocations=5 (full 0):
 garbage-first heap   total 68608K, used 51097K [0x0000000080000000, 0x0000000100000000)
  region size 1024K, 40 young (40960K), 8 survivors (8192K)
 Metaspace       used 25975K, committed 26304K, reserved 1114112K
  class space    used 3386K, committed 3520K, reserved 1048576K
}
Event: 2.502 GC heap after
{Heap after GC invocations=6 (full 0):
 garbage-first heap   total 68608K, used 20437K [0x0000000080000000, 0x0000000100000000)
  region size 1024K, 3 young (3072K), 3 survivors (3072K)
 Metaspace       used 25975K, committed 26304K, reserved 1114112K
  class space    used 3386K, committed 3520K, reserved 1048576K
}
Event: 2.520 GC heap before
{Heap before GC invocations=6 (full 0):
 garbage-first heap   total 68608K, used 21461K [0x0000000080000000, 0x0000000100000000)
  region size 1024K, 4 young (4096K), 3 survivors (3072K)
 Metaspace       used 26112K, committed 26432K, reserved 1114112K
  class space    used 3412K, committed 3520K, reserved 1048576K
}
Event: 2.523 GC heap after
{Heap after GC invocations=7 (full 0):
 garbage-first heap   total 82944K, used 20680K [0x0000000080000000, 0x0000000100000000)
  region size 1024K, 1 young (1024K), 1 survivors (1024K)
 Metaspace       used 26112K, committed 26432K, reserved 1114112K
  class space    used 3412K, committed 3520K, reserved 1048576K
}
Event: 3.840 GC heap before
{Heap before GC invocations=7 (full 0):
 garbage-first heap   total 82944K, used 58568K [0x0000000080000000, 0x0000000100000000)
  region size 1024K, 38 young (38912K), 1 survivors (1024K)
 Metaspace       used 31269K, committed 31616K, reserved 1114112K
  class space    used 4252K, committed 4416K, reserved 1048576K
}
Event: 3.844 GC heap after
{Heap after GC invocations=8 (full 0):
 garbage-first heap   total 82944K, used 22372K [0x0000000080000000, 0x0000000100000000)
  region size 1024K, 2 young (2048K), 2 survivors (2048K)
 Metaspace       used 31269K, committed 31616K, reserved 1114112K
  class space    used 4252K, committed 4416K, reserved 1048576K
}
Event: 4.340 GC heap before
{Heap before GC invocations=8 (full 0):
 garbage-first heap   total 82944K, used 52068K [0x0000000080000000, 0x0000000100000000)
  region size 1024K, 32 young (32768K), 2 survivors (2048K)
 Metaspace       used 35802K, committed 36096K, reserved 1114112K
  class space    used 4953K, committed 5120K, reserved 1048576K
}
Event: 4.346 GC heap after
{Heap after GC invocations=9 (full 0):
 garbage-first heap   total 82944K, used 24192K [0x0000000080000000, 0x0000000100000000)
  region size 1024K, 4 young (4096K), 4 survivors (4096K)
 Metaspace       used 35802K, committed 36096K, reserved 1114112K
  class space    used 4953K, committed 5120K, reserved 1048576K
}
Event: 4.878 GC heap before
{Heap before GC invocations=10 (full 0):
 garbage-first heap   total 82944K, used 62080K [0x0000000080000000, 0x0000000100000000)
  region size 1024K, 42 young (43008K), 4 survivors (4096K)
 Metaspace       used 41245K, committed 41600K, reserved 1114112K
  class space    used 5479K, committed 5632K, reserved 1048576K
}
Event: 4.885 GC heap after
{Heap after GC invocations=11 (full 0):
 garbage-first heap   total 82944K, used 29144K [0x0000000080000000, 0x0000000100000000)
  region size 1024K, 6 young (6144K), 6 survivors (6144K)
 Metaspace       used 41245K, committed 41600K, reserved 1114112K
  class space    used 5479K, committed 5632K, reserved 1048576K
}
Event: 5.259 GC heap before
{Heap before GC invocations=11 (full 0):
 garbage-first heap   total 82944K, used 69080K [0x0000000080000000, 0x0000000100000000)
  region size 1024K, 39 young (39936K), 6 survivors (6144K)
 Metaspace       used 45074K, committed 45504K, reserved 1114112K
  class space    used 5836K, committed 6016K, reserved 1048576K
}
Event: 5.266 GC heap after
{Heap after GC invocations=12 (full 0):
 garbage-first heap   total 82944K, used 30371K [0x0000000080000000, 0x0000000100000000)
  region size 1024K, 2 young (2048K), 2 survivors (2048K)
 Metaspace       used 45074K, committed 45504K, reserved 1114112K
  class space    used 5836K, committed 6016K, reserved 1048576K
}
Event: 5.648 GC heap before
{Heap before GC invocations=12 (full 0):
 garbage-first heap   total 82944K, used 64163K [0x0000000080000000, 0x0000000100000000)
  region size 1024K, 35 young (35840K), 2 survivors (2048K)
 Metaspace       used 48716K, committed 49216K, reserved 1114112K
  class space    used 6486K, committed 6720K, reserved 1048576K
}
Event: 5.653 GC heap after
{Heap after GC invocations=13 (full 0):
 garbage-first heap   total 82944K, used 32534K [0x0000000080000000, 0x0000000100000000)
  region size 1024K, 5 young (5120K), 5 survivors (5120K)
 Metaspace       used 48716K, committed 49216K, reserved 1114112K
  class space    used 6486K, committed 6720K, reserved 1048576K
}
Event: 6.095 GC heap before
{Heap before GC invocations=13 (full 0):
 garbage-first heap   total 82944K, used 64278K [0x0000000080000000, 0x0000000100000000)
  region size 1024K, 36 young (36864K), 5 survivors (5120K)
 Metaspace       used 52622K, committed 53056K, reserved 1114112K
  class space    used 7100K, committed 7296K, reserved 1048576K
}
Event: 6.103 GC heap after
{Heap after GC invocations=14 (full 0):
 garbage-first heap   total 121856K, used 33724K [0x0000000080000000, 0x0000000100000000)
  region size 1024K, 4 young (4096K), 4 survivors (4096K)
 Metaspace       used 52622K, committed 53056K, reserved 1114112K
  class space    used 7100K, committed 7296K, reserved 1048576K
}

