# JRE version: OpenJDK Runtime Environment (17.0.7) (build 17.0.7+0-b2043.56-10550314)
# Java VM: OpenJDK 64-Bit Server VM (17.0.7+0-b2043.56-10550314, mixed mode, tiered, compressed oops, compressed class ptrs, g1 gc, windows-amd64)
GC Precious Log:
 CPUs: 4 total, 4 available
 Memory: 7975M
 Large Page Support: Disabled
 NUMA Support: Disabled
 Compressed Oops: Enabled (32-bit)
 Heap Region Size: 1M
 Heap Min Capacity: 8M
 Heap Initial Capacity: 126M
 Heap Max Capacity: 1994M
 Pre-touch: Disabled
 Parallel Workers: 4
 Concurrent Workers: 1
 Concurrent Refinement Workers: 4
 Periodic GC: Disabled
Heap:
 garbage-first heap   total 214016K, used 147330K [0x0000000083600000, 0x0000000100000000)
  region size 1024K, 51 young (52224K), 4 survivors (4096K)
 Metaspace       used 70680K, committed 71040K, reserved 1114112K
  class space    used 7945K, committed 8128K, reserved 1048576K
GC Heap History (20 events):
Event: 12.029 GC heap before
{Heap before GC invocations=19 (full 0):
 garbage-first heap   total 168960K, used 112481K [0x0000000083600000, 0x0000000100000000)
  region size 1024K, 73 young (74752K), 10 survivors (10240K)
 Metaspace       used 57545K, committed 57792K, reserved 1114112K
  class space    used 6670K, committed 6784K, reserved 1048576K
}
Event: 12.058 GC heap after
{Heap after GC invocations=20 (full 0):
 garbage-first heap   total 168960K, used 60082K [0x0000000083600000, 0x0000000100000000)
  region size 1024K, 10 young (10240K), 10 survivors (10240K)
 Metaspace       used 57545K, committed 57792K, reserved 1114112K
  class space    used 6670K, committed 6784K, reserved 1048576K
}
Event: 13.637 GC heap before
{Heap before GC invocations=20 (full 0):
 garbage-first heap   total 168960K, used 119474K [0x0000000083600000, 0x0000000100000000)
  region size 1024K, 68 young (69632K), 10 survivors (10240K)
 Metaspace       used 57796K, committed 58048K, reserved 1114112K
  class space    used 6690K, committed 6784K, reserved 1048576K
}
Event: 13.664 GC heap after
{Heap after GC invocations=21 (full 0):
 garbage-first heap   total 168960K, used 70144K [0x0000000083600000, 0x0000000100000000)
  region size 1024K, 9 young (9216K), 9 survivors (9216K)
 Metaspace       used 57796K, committed 58048K, reserved 1114112K
  class space    used 6690K, committed 6784K, reserved 1048576K
}
Event: 13.829 GC heap before
{Heap before GC invocations=21 (full 0):
 garbage-first heap   total 168960K, used 124416K [0x0000000083600000, 0x0000000100000000)
  region size 1024K, 62 young (63488K), 9 survivors (9216K)
 Metaspace       used 57845K, committed 58048K, reserved 1114112K
  class space    used 6691K, committed 6784K, reserved 1048576K
}
Event: 13.840 GC heap after
{Heap after GC invocations=22 (full 0):
 garbage-first heap   total 168960K, used 72192K [0x0000000083600000, 0x0000000100000000)
  region size 1024K, 2 young (2048K), 2 survivors (2048K)
 Metaspace       used 57845K, committed 58048K, reserved 1114112K
  class space    used 6691K, committed 6784K, reserved 1048576K
}
Event: 16.329 GC heap before
{Heap before GC invocations=22 (full 0):
 garbage-first heap   total 168960K, used 129536K [0x0000000083600000, 0x0000000100000000)
  region size 1024K, 58 young (59392K), 2 survivors (2048K)
 Metaspace       used 63185K, committed 63488K, reserved 1114112K
  class space    used 7456K, committed 7616K, reserved 1048576K
}
Event: 16.335 GC heap after
{Heap after GC invocations=23 (full 0):
 garbage-first heap   total 168960K, used 73172K [0x0000000083600000, 0x0000000100000000)
  region size 1024K, 3 young (3072K), 3 survivors (3072K)
 Metaspace       used 63185K, committed 63488K, reserved 1114112K
  class space    used 7456K, committed 7616K, reserved 1048576K
}
Event: 22.825 GC heap before
{Heap before GC invocations=23 (full 0):
 garbage-first heap   total 168960K, used 134612K [0x0000000083600000, 0x0000000100000000)
  region size 1024K, 61 young (62464K), 3 survivors (3072K)
 Metaspace       used 68130K, committed 68416K, reserved 1114112K
  class space    used 7872K, committed 8000K, reserved 1048576K
}
Event: 22.844 GC heap after
{Heap after GC invocations=24 (full 0):
 garbage-first heap   total 168960K, used 83968K [0x0000000083600000, 0x0000000100000000)
  region size 1024K, 8 young (8192K), 8 survivors (8192K)
 Metaspace       used 68130K, committed 68416K, reserved 1114112K
  class space    used 7872K, committed 8000K, reserved 1048576K
}
Event: 26.111 GC heap before
{Heap before GC invocations=24 (full 0):
 garbage-first heap   total 168960K, used 134144K [0x0000000083600000, 0x0000000100000000)
  region size 1024K, 57 young (58368K), 8 survivors (8192K)
 Metaspace       used 69246K, committed 69568K, reserved 1114112K
  class space    used 7918K, committed 8064K, reserved 1048576K
}
Event: 26.133 GC heap after
{Heap after GC invocations=25 (full 0):
 garbage-first heap   total 168960K, used 91162K [0x0000000083600000, 0x0000000100000000)
  region size 1024K, 7 young (7168K), 7 survivors (7168K)
 Metaspace       used 69246K, committed 69568K, reserved 1114112K
  class space    used 7918K, committed 8064K, reserved 1048576K
}
Event: 28.274 GC heap before
{Heap before GC invocations=25 (full 0):
 garbage-first heap   total 168960K, used 125978K [0x0000000083600000, 0x0000000100000000)
  region size 1024K, 42 young (43008K), 7 survivors (7168K)
 Metaspace       used 69718K, committed 70016K, reserved 1114112K
  class space    used 7928K, committed 8064K, reserved 1048576K
}
Event: 28.292 GC heap after
{Heap after GC invocations=26 (full 0):
 garbage-first heap   total 168960K, used 96094K [0x0000000083600000, 0x0000000100000000)
  region size 1024K, 6 young (6144K), 6 survivors (6144K)
 Metaspace       used 69718K, committed 70016K, reserved 1114112K
  class space    used 7928K, committed 8064K, reserved 1048576K
}
Event: 30.839 GC heap before
{Heap before GC invocations=27 (full 0):
 garbage-first heap   total 178176K, used 133982K [0x0000000083600000, 0x0000000100000000)
  region size 1024K, 44 young (45056K), 6 survivors (6144K)
 Metaspace       used 69926K, committed 70208K, reserved 1114112K
  class space    used 7935K, committed 8064K, reserved 1048576K
}
Event: 30.849 GC heap after
{Heap after GC invocations=28 (full 0):
 garbage-first heap   total 178176K, used 97793K [0x0000000083600000, 0x0000000100000000)
  region size 1024K, 4 young (4096K), 4 survivors (4096K)
 Metaspace       used 69926K, committed 70208K, reserved 1114112K
  class space    used 7935K, committed 8064K, reserved 1048576K
}
Event: 31.101 GC heap before
{Heap before GC invocations=28 (full 0):
 garbage-first heap   total 178176K, used 101889K [0x0000000083600000, 0x0000000100000000)
  region size 1024K, 8 young (8192K), 4 survivors (4096K)
 Metaspace       used 69945K, committed 70208K, reserved 1114112K
  class space    used 7935K, committed 8064K, reserved 1048576K
}
Event: 31.106 GC heap after
{Heap after GC invocations=29 (full 0):
 garbage-first heap   total 178176K, used 97489K [0x0000000083600000, 0x0000000100000000)
  region size 1024K, 1 young (1024K), 1 survivors (1024K)
 Metaspace       used 69945K, committed 70208K, reserved 1114112K
  class space    used 7935K, committed 8064K, reserved 1048576K
}
Event: 34.065 GC heap before
{Heap before GC invocations=29 (full 0):
 garbage-first heap   total 178176K, used 143569K [0x0000000083600000, 0x0000000100000000)
  region size 1024K, 46 young (47104K), 1 survivors (1024K)
 Metaspace       used 70320K, committed 70592K, reserved 1114112K
  class space    used 7936K, committed 8064K, reserved 1048576K
}
Event: 34.071 GC heap after
{Heap after GC invocations=30 (full 0):
 garbage-first heap   total 214016K, used 100226K [0x0000000083600000, 0x0000000100000000)
  region size 1024K, 4 young (4096K), 4 survivors (4096K)
 Metaspace       used 70320K, committed 70592K, reserved 1114112K
  class space    used 7936K, committed 8064K, reserved 1048576K
}

