# JRE version: OpenJDK Runtime Environment (17.0.7) (build 17.0.7+0-b2043.56-10550314)
# Java VM: OpenJDK 64-Bit Server VM (17.0.7+0-b2043.56-10550314, mixed mode, tiered, compressed oops, compressed class ptrs, g1 gc, windows-amd64)
GC Precious Log:
 CPUs: 4 total, 4 available
 Memory: 7975M
 Large Page Support: Disabled
 NUMA Support: Disabled
 Compressed Oops: Enabled (32-bit)
 Heap Region Size: 1M
 Heap Min Capacity: 8M
 Heap Initial Capacity: 126M
 Heap Max Capacity: 2G
 Pre-touch: Disabled
 Parallel Workers: 4
 Concurrent Workers: 1
 Concurrent Refinement Workers: 4
 Periodic GC: Disabled
Heap:
 garbage-first heap   total 337920K, used 231301K [0x0000000080000000, 0x0000000100000000)
  region size 1024K, 3 young (3072K), 3 survivors (3072K)
 Metaspace       used 155342K, committed 156416K, reserved 1245184K
  class space    used 20507K, committed 21056K, reserved 1048576K
GC Heap History (20 events):
Event: 8370.497 GC heap after
{Heap after GC invocations=59 (full 1):
 garbage-first heap   total 337920K, used 119356K [0x0000000080000000, 0x0000000100000000)
  region size 1024K, 11 young (11264K), 11 survivors (11264K)
 Metaspace       used 148851K, committed 149888K, reserved 1179648K
  class space    used 19984K, committed 20544K, reserved 1048576K
}
Event: 8372.408 GC heap before
{Heap before GC invocations=59 (full 1):
 garbage-first heap   total 337920K, used 282172K [0x0000000080000000, 0x0000000100000000)
  region size 1024K, 167 young (171008K), 11 survivors (11264K)
 Metaspace       used 149159K, committed 150144K, reserved 1179648K
  class space    used 20006K, committed 20544K, reserved 1048576K
}
Event: 8372.470 GC heap after
{Heap after GC invocations=60 (full 1):
 garbage-first heap   total 337920K, used 143913K [0x0000000080000000, 0x0000000100000000)
  region size 1024K, 21 young (21504K), 21 survivors (21504K)
 Metaspace       used 149159K, committed 150144K, reserved 1179648K
  class space    used 20006K, committed 20544K, reserved 1048576K
}
Event: 8374.974 GC heap before
{Heap before GC invocations=60 (full 1):
 garbage-first heap   total 337920K, used 288297K [0x0000000080000000, 0x0000000100000000)
  region size 1024K, 135 young (138240K), 21 survivors (21504K)
 Metaspace       used 149490K, committed 150400K, reserved 1179648K
  class space    used 20026K, committed 20544K, reserved 1048576K
}
Event: 8375.004 GC heap after
{Heap after GC invocations=61 (full 1):
 garbage-first heap   total 337920K, used 159180K [0x0000000080000000, 0x0000000100000000)
  region size 1024K, 15 young (15360K), 15 survivors (15360K)
 Metaspace       used 149490K, committed 150400K, reserved 1179648K
  class space    used 20026K, committed 20544K, reserved 1048576K
}
Event: 8401.145 GC heap before
{Heap before GC invocations=61 (full 1):
 garbage-first heap   total 337920K, used 264652K [0x0000000080000000, 0x0000000100000000)
  region size 1024K, 119 young (121856K), 15 survivors (15360K)
 Metaspace       used 150641K, committed 151552K, reserved 1245184K
  class space    used 20165K, committed 20608K, reserved 1048576K
}
Event: 8401.173 GC heap after
{Heap after GC invocations=62 (full 1):
 garbage-first heap   total 337920K, used 165840K [0x0000000080000000, 0x0000000100000000)
  region size 1024K, 11 young (11264K), 11 survivors (11264K)
 Metaspace       used 150641K, committed 151552K, reserved 1245184K
  class space    used 20165K, committed 20608K, reserved 1048576K
}
Event: 8406.733 GC heap before
{Heap before GC invocations=62 (full 1):
 garbage-first heap   total 337920K, used 265168K [0x0000000080000000, 0x0000000100000000)
  region size 1024K, 109 young (111616K), 11 survivors (11264K)
 Metaspace       used 151241K, committed 152256K, reserved 1245184K
  class space    used 20223K, committed 20672K, reserved 1048576K
}
Event: 8406.751 GC heap after
{Heap after GC invocations=63 (full 1):
 garbage-first heap   total 337920K, used 176080K [0x0000000080000000, 0x0000000100000000)
  region size 1024K, 11 young (11264K), 11 survivors (11264K)
 Metaspace       used 151241K, committed 152256K, reserved 1245184K
  class space    used 20223K, committed 20672K, reserved 1048576K
}
Event: 8411.418 GC heap before
{Heap before GC invocations=63 (full 1):
 garbage-first heap   total 337920K, used 277456K [0x0000000080000000, 0x0000000100000000)
  region size 1024K, 102 young (104448K), 11 survivors (11264K)
 Metaspace       used 151764K, committed 152704K, reserved 1245184K
  class space    used 20242K, committed 20672K, reserved 1048576K
}
Event: 8411.446 GC heap after
{Heap after GC invocations=64 (full 1):
 garbage-first heap   total 337920K, used 205736K [0x0000000080000000, 0x0000000100000000)
  region size 1024K, 13 young (13312K), 13 survivors (13312K)
 Metaspace       used 151764K, committed 152704K, reserved 1245184K
  class space    used 20242K, committed 20672K, reserved 1048576K
}
Event: 8411.933 GC heap before
{Heap before GC invocations=64 (full 1):
 garbage-first heap   total 337920K, used 270248K [0x0000000080000000, 0x0000000100000000)
  region size 1024K, 69 young (70656K), 13 survivors (13312K)
 Metaspace       used 152039K, committed 152960K, reserved 1245184K
  class space    used 20255K, committed 20672K, reserved 1048576K
}
Event: 8411.948 GC heap after
{Heap after GC invocations=65 (full 1):
 garbage-first heap   total 337920K, used 212944K [0x0000000080000000, 0x0000000100000000)
  region size 1024K, 7 young (7168K), 7 survivors (7168K)
 Metaspace       used 152039K, committed 152960K, reserved 1245184K
  class space    used 20255K, committed 20672K, reserved 1048576K
}
Event: 8412.126 GC heap before
{Heap before GC invocations=65 (full 1):
 garbage-first heap   total 337920K, used 295888K [0x0000000080000000, 0x0000000100000000)
  region size 1024K, 61 young (62464K), 7 survivors (7168K)
 Metaspace       used 152220K, committed 153216K, reserved 1245184K
  class space    used 20267K, committed 20736K, reserved 1048576K
}
Event: 8412.141 GC heap after
{Heap after GC invocations=66 (full 1):
 garbage-first heap   total 337920K, used 222160K [0x0000000080000000, 0x0000000100000000)
  region size 1024K, 8 young (8192K), 8 survivors (8192K)
 Metaspace       used 152220K, committed 153216K, reserved 1245184K
  class space    used 20267K, committed 20736K, reserved 1048576K
}
Event: 8412.388 GC heap before
{Heap before GC invocations=66 (full 1):
 garbage-first heap   total 337920K, used 270288K [0x0000000080000000, 0x0000000100000000)
  region size 1024K, 56 young (57344K), 8 survivors (8192K)
 Metaspace       used 154587K, committed 155584K, reserved 1245184K
  class space    used 20451K, committed 20992K, reserved 1048576K
}
Event: 8412.397 GC heap after
{Heap after GC invocations=67 (full 1):
 garbage-first heap   total 337920K, used 228532K [0x0000000080000000, 0x0000000100000000)
  region size 1024K, 6 young (6144K), 6 survivors (6144K)
 Metaspace       used 154587K, committed 155584K, reserved 1245184K
  class space    used 20451K, committed 20992K, reserved 1048576K
}
Event: 8412.543 GC heap before
{Heap before GC invocations=67 (full 1):
 garbage-first heap   total 337920K, used 274612K [0x0000000080000000, 0x0000000100000000)
  region size 1024K, 52 young (53248K), 6 survivors (6144K)
 Metaspace       used 154755K, committed 155840K, reserved 1245184K
  class space    used 20464K, committed 20992K, reserved 1048576K
}
Event: 8412.550 GC heap after
{Heap after GC invocations=68 (full 1):
 garbage-first heap   total 337920K, used 231376K [0x0000000080000000, 0x0000000100000000)
  region size 1024K, 3 young (3072K), 3 survivors (3072K)
 Metaspace       used 154755K, committed 155840K, reserved 1245184K
  class space    used 20464K, committed 20992K, reserved 1048576K
}
Event: 8412.772 GC heap before
{Heap before GC invocations=68 (full 1):
 garbage-first heap   total 337920K, used 280528K [0x0000000080000000, 0x0000000100000000)
  region size 1024K, 50 young (51200K), 3 survivors (3072K)
 Metaspace       used 155342K, committed 156416K, reserved 1245184K
  class space    used 20507K, committed 21056K, reserved 1048576K
}

