# JRE version: OpenJDK Runtime Environment (17.0.7) (build 17.0.7+0-b2043.56-10550314)
# Java VM: OpenJDK 64-Bit Server VM (17.0.7+0-b2043.56-10550314, mixed mode, tiered, compressed oops, compressed class ptrs, g1 gc, windows-amd64)
GC Precious Log:
 CPUs: 4 total, 4 available
 Memory: 7975M
 Large Page Support: Disabled
 NUMA Support: Disabled
 Compressed Oops: Enabled (32-bit)
 Heap Region Size: 1M
 Heap Min Capacity: 8M
 Heap Initial Capacity: 126M
 Heap Max Capacity: 1994M
 Pre-touch: Disabled
 Parallel Workers: 4
 Concurrent Workers: 1
 Concurrent Refinement Workers: 4
 Periodic GC: Disabled
Heap:
 garbage-first heap   total 173056K, used 101484K [0x0000000083600000, 0x0000000100000000)
  region size 1024K, 1 young (1024K), 1 survivors (1024K)
 Metaspace       used 80634K, committed 80960K, reserved 1179648K
  class space    used 9184K, committed 9344K, reserved 1048576K
GC Heap History (20 events):
Event: 8.626 GC heap after
{Heap after GC invocations=24 (full 0):
 garbage-first heap   total 125952K, used 61857K [0x0000000083600000, 0x0000000100000000)
  region size 1024K, 6 young (6144K), 6 survivors (6144K)
 Metaspace       used 63838K, committed 64128K, reserved 1114112K
  class space    used 7640K, committed 7808K, reserved 1048576K
}
Event: 10.216 GC heap before
{Heap before GC invocations=24 (full 0):
 garbage-first heap   total 125952K, used 96673K [0x0000000083600000, 0x0000000100000000)
  region size 1024K, 40 young (40960K), 6 survivors (6144K)
 Metaspace       used 65635K, committed 65984K, reserved 1114112K
  class space    used 7766K, committed 7936K, reserved 1048576K
}
Event: 10.239 GC heap after
{Heap after GC invocations=25 (full 0):
 garbage-first heap   total 125952K, used 67536K [0x0000000083600000, 0x0000000100000000)
  region size 1024K, 5 young (5120K), 5 survivors (5120K)
 Metaspace       used 65635K, committed 65984K, reserved 1114112K
  class space    used 7766K, committed 7936K, reserved 1048576K
}
Event: 10.948 GC heap before
{Heap before GC invocations=25 (full 0):
 garbage-first heap   total 125952K, used 99280K [0x0000000083600000, 0x0000000100000000)
  region size 1024K, 36 young (36864K), 5 survivors (5120K)
 Metaspace       used 66107K, committed 66432K, reserved 1114112K
  class space    used 7799K, committed 7936K, reserved 1048576K
}
Event: 10.968 GC heap after
{Heap after GC invocations=26 (full 0):
 garbage-first heap   total 125952K, used 73175K [0x0000000083600000, 0x0000000100000000)
  region size 1024K, 5 young (5120K), 5 survivors (5120K)
 Metaspace       used 66107K, committed 66432K, reserved 1114112K
  class space    used 7799K, committed 7936K, reserved 1048576K
}
Event: 11.398 GC heap before
{Heap before GC invocations=27 (full 0):
 garbage-first heap   total 135168K, used 101847K [0x0000000083600000, 0x0000000100000000)
  region size 1024K, 31 young (31744K), 5 survivors (5120K)
 Metaspace       used 66940K, committed 67264K, reserved 1114112K
  class space    used 7921K, committed 8064K, reserved 1048576K
}
Event: 11.408 GC heap after
{Heap after GC invocations=28 (full 0):
 garbage-first heap   total 135168K, used 79831K [0x0000000083600000, 0x0000000100000000)
  region size 1024K, 4 young (4096K), 4 survivors (4096K)
 Metaspace       used 66940K, committed 67264K, reserved 1114112K
  class space    used 7921K, committed 8064K, reserved 1048576K
}
Event: 11.429 GC heap before
{Heap before GC invocations=28 (full 0):
 garbage-first heap   total 135168K, used 80855K [0x0000000083600000, 0x0000000100000000)
  region size 1024K, 6 young (6144K), 4 survivors (4096K)
 Metaspace       used 67450K, committed 67776K, reserved 1114112K
  class space    used 7963K, committed 8128K, reserved 1048576K
}
Event: 11.438 GC heap after
{Heap after GC invocations=29 (full 0):
 garbage-first heap   total 166912K, used 79616K [0x0000000083600000, 0x0000000100000000)
  region size 1024K, 1 young (1024K), 1 survivors (1024K)
 Metaspace       used 67450K, committed 67776K, reserved 1114112K
  class space    used 7963K, committed 8128K, reserved 1048576K
}
Event: 12.749 GC heap before
{Heap before GC invocations=29 (full 0):
 garbage-first heap   total 166912K, used 126720K [0x0000000083600000, 0x0000000100000000)
  region size 1024K, 47 young (48128K), 1 survivors (1024K)
 Metaspace       used 71760K, committed 72064K, reserved 1114112K
  class space    used 8332K, committed 8448K, reserved 1048576K
}
Event: 12.766 GC heap after
{Heap after GC invocations=30 (full 0):
 garbage-first heap   total 166912K, used 85913K [0x0000000083600000, 0x0000000100000000)
  region size 1024K, 6 young (6144K), 6 survivors (6144K)
 Metaspace       used 71760K, committed 72064K, reserved 1114112K
  class space    used 8332K, committed 8448K, reserved 1048576K
}
Event: 13.428 GC heap before
{Heap before GC invocations=31 (full 0):
 garbage-first heap   total 166912K, used 129945K [0x0000000083600000, 0x0000000100000000)
  region size 1024K, 49 young (50176K), 6 survivors (6144K)
 Metaspace       used 72194K, committed 72448K, reserved 1114112K
  class space    used 8380K, committed 8512K, reserved 1048576K
}
Event: 13.449 GC heap after
{Heap after GC invocations=32 (full 0):
 garbage-first heap   total 166912K, used 95529K [0x0000000083600000, 0x0000000100000000)
  region size 1024K, 7 young (7168K), 7 survivors (7168K)
 Metaspace       used 72194K, committed 72448K, reserved 1114112K
  class space    used 8380K, committed 8512K, reserved 1048576K
}
Event: 13.467 GC heap before
{Heap before GC invocations=32 (full 0):
 garbage-first heap   total 166912K, used 95529K [0x0000000083600000, 0x0000000100000000)
  region size 1024K, 8 young (8192K), 7 survivors (7168K)
 Metaspace       used 72456K, committed 72704K, reserved 1114112K
  class space    used 8394K, committed 8512K, reserved 1048576K
}
Event: 13.476 GC heap after
{Heap after GC invocations=33 (full 0):
 garbage-first heap   total 166912K, used 96215K [0x0000000083600000, 0x0000000100000000)
  region size 1024K, 1 young (1024K), 1 survivors (1024K)
 Metaspace       used 72456K, committed 72704K, reserved 1114112K
  class space    used 8394K, committed 8512K, reserved 1048576K
}
Event: 14.288 GC heap before
{Heap before GC invocations=33 (full 0):
 garbage-first heap   total 166912K, used 132055K [0x0000000083600000, 0x0000000100000000)
  region size 1024K, 36 young (36864K), 1 survivors (1024K)
 Metaspace       used 77874K, committed 78144K, reserved 1179648K
  class space    used 8909K, committed 9024K, reserved 1048576K
}
Event: 14.296 GC heap after
{Heap after GC invocations=34 (full 0):
 garbage-first heap   total 166912K, used 96896K [0x0000000083600000, 0x0000000100000000)
  region size 1024K, 2 young (2048K), 2 survivors (2048K)
 Metaspace       used 77874K, committed 78144K, reserved 1179648K
  class space    used 8909K, committed 9024K, reserved 1048576K
}
Event: 15.190 GC heap before
{Heap before GC invocations=35 (full 0):
 garbage-first heap   total 173056K, used 133760K [0x0000000083600000, 0x0000000100000000)
  region size 1024K, 38 young (38912K), 2 survivors (2048K)
 Metaspace       used 80615K, committed 80896K, reserved 1179648K
  class space    used 9184K, committed 9344K, reserved 1048576K
}
Event: 15.200 GC heap after
{Heap after GC invocations=36 (full 0):
 garbage-first heap   total 173056K, used 101530K [0x0000000083600000, 0x0000000100000000)
  region size 1024K, 5 young (5120K), 5 survivors (5120K)
 Metaspace       used 80615K, committed 80896K, reserved 1179648K
  class space    used 9184K, committed 9344K, reserved 1048576K
}
Event: 15.218 GC heap before
{Heap before GC invocations=36 (full 0):
 garbage-first heap   total 173056K, used 104602K [0x0000000083600000, 0x0000000100000000)
  region size 1024K, 8 young (8192K), 5 survivors (5120K)
 Metaspace       used 80634K, committed 80960K, reserved 1179648K
  class space    used 9184K, committed 9344K, reserved 1048576K
}

