# JRE version: OpenJDK Runtime Environment (17.0.7) (build 17.0.7+0-b2043.56-10550314)
# Java VM: OpenJDK 64-Bit Server VM (17.0.7+0-b2043.56-10550314, mixed mode, tiered, compressed oops, compressed class ptrs, g1 gc, windows-amd64)
GC Precious Log:
 CPUs: 4 total, 4 available
 Memory: 7975M
 Large Page Support: Disabled
 NUMA Support: Disabled
 Compressed Oops: Enabled (32-bit)
 Heap Region Size: 1M
 Heap Min Capacity: 8M
 Heap Initial Capacity: 126M
 Heap Max Capacity: 2G
 Pre-touch: Disabled
 Parallel Workers: 4
 Concurrent Workers: 1
 Concurrent Refinement Workers: 4
 Periodic GC: Disabled
Heap:
 garbage-first heap   total 388096K, used 280000K [0x0000000080000000, 0x0000000100000000)
  region size 1024K, 110 young (112640K), 18 survivors (18432K)
 Metaspace       used 120260K, committed 121152K, reserved 1179648K
  class space    used 15870K, committed 16320K, reserved 1048576K
GC Heap History (20 events):
Event: 29.059 GC heap before
{Heap before GC invocations=41 (full 0):
 garbage-first heap   total 207872K, used 165601K [0x0000000080000000, 0x0000000100000000)
  region size 1024K, 63 young (64512K), 10 survivors (10240K)
 Metaspace       used 102805K, committed 103488K, reserved 1179648K
  class space    used 14005K, committed 14336K, reserved 1048576K
}
Event: 29.071 GC heap after
{Heap after GC invocations=42 (full 0):
 garbage-first heap   total 207872K, used 116475K [0x0000000080000000, 0x0000000100000000)
  region size 1024K, 5 young (5120K), 5 survivors (5120K)
 Metaspace       used 102805K, committed 103488K, reserved 1179648K
  class space    used 14005K, committed 14336K, reserved 1048576K
}
Event: 29.752 GC heap before
{Heap before GC invocations=42 (full 0):
 garbage-first heap   total 207872K, used 167675K [0x0000000080000000, 0x0000000100000000)
  region size 1024K, 56 young (57344K), 5 survivors (5120K)
 Metaspace       used 103483K, committed 104128K, reserved 1179648K
  class space    used 14089K, committed 14400K, reserved 1048576K
}
Event: 29.761 GC heap after
{Heap after GC invocations=43 (full 0):
 garbage-first heap   total 207872K, used 119911K [0x0000000080000000, 0x0000000100000000)
  region size 1024K, 5 young (5120K), 5 survivors (5120K)
 Metaspace       used 103483K, committed 104128K, reserved 1179648K
  class space    used 14089K, committed 14400K, reserved 1048576K
}
Event: 30.490 GC heap before
{Heap before GC invocations=43 (full 0):
 garbage-first heap   total 207872K, used 169063K [0x0000000080000000, 0x0000000100000000)
  region size 1024K, 54 young (55296K), 5 survivors (5120K)
 Metaspace       used 106274K, committed 107008K, reserved 1179648K
  class space    used 14390K, committed 14784K, reserved 1048576K
}
Event: 30.499 GC heap after
{Heap after GC invocations=44 (full 0):
 garbage-first heap   total 207872K, used 124797K [0x0000000080000000, 0x0000000100000000)
  region size 1024K, 5 young (5120K), 5 survivors (5120K)
 Metaspace       used 106274K, committed 107008K, reserved 1179648K
  class space    used 14390K, committed 14784K, reserved 1048576K
}
Event: 30.849 GC heap before
{Heap before GC invocations=44 (full 0):
 garbage-first heap   total 207872K, used 180093K [0x0000000080000000, 0x0000000100000000)
  region size 1024K, 51 young (52224K), 5 survivors (5120K)
 Metaspace       used 106346K, committed 107136K, reserved 1179648K
  class space    used 14390K, committed 14784K, reserved 1048576K
}
Event: 30.879 GC heap after
{Heap after GC invocations=45 (full 0):
 garbage-first heap   total 208896K, used 148687K [0x0000000080000000, 0x0000000100000000)
  region size 1024K, 7 young (7168K), 7 survivors (7168K)
 Metaspace       used 106346K, committed 107136K, reserved 1179648K
  class space    used 14390K, committed 14784K, reserved 1048576K
}
Event: 31.262 GC heap before
{Heap before GC invocations=45 (full 0):
 garbage-first heap   total 208896K, used 177359K [0x0000000080000000, 0x0000000100000000)
  region size 1024K, 28 young (28672K), 7 survivors (7168K)
 Metaspace       used 106959K, committed 107776K, reserved 1179648K
  class space    used 14448K, committed 14848K, reserved 1048576K
}
Event: 31.273 GC heap after
{Heap after GC invocations=46 (full 0):
 garbage-first heap   total 388096K, used 152151K [0x0000000080000000, 0x0000000100000000)
  region size 1024K, 3 young (3072K), 3 survivors (3072K)
 Metaspace       used 106959K, committed 107776K, reserved 1179648K
  class space    used 14448K, committed 14848K, reserved 1048576K
}
Event: 33.053 GC heap before
{Heap before GC invocations=47 (full 0):
 garbage-first heap   total 388096K, used 314967K [0x0000000080000000, 0x0000000100000000)
  region size 1024K, 135 young (138240K), 3 survivors (3072K)
 Metaspace       used 111854K, committed 112576K, reserved 1179648K
  class space    used 14959K, committed 15296K, reserved 1048576K
}
Event: 33.079 GC heap after
{Heap after GC invocations=48 (full 0):
 garbage-first heap   total 388096K, used 167936K [0x0000000080000000, 0x0000000100000000)
  region size 1024K, 17 young (17408K), 17 survivors (17408K)
 Metaspace       used 111854K, committed 112576K, reserved 1179648K
  class space    used 14959K, committed 15296K, reserved 1048576K
}
Event: 33.107 GC heap before
{Heap before GC invocations=48 (full 0):
 garbage-first heap   total 388096K, used 168960K [0x0000000080000000, 0x0000000100000000)
  region size 1024K, 18 young (18432K), 17 survivors (17408K)
 Metaspace       used 111934K, committed 112704K, reserved 1179648K
  class space    used 14968K, committed 15360K, reserved 1048576K
}
Event: 33.127 GC heap after
{Heap after GC invocations=49 (full 0):
 garbage-first heap   total 388096K, used 167424K [0x0000000080000000, 0x0000000100000000)
  region size 1024K, 2 young (2048K), 2 survivors (2048K)
 Metaspace       used 111934K, committed 112704K, reserved 1179648K
  class space    used 14968K, committed 15360K, reserved 1048576K
}
Event: 34.468 GC heap before
{Heap before GC invocations=49 (full 0):
 garbage-first heap   total 388096K, used 297472K [0x0000000080000000, 0x0000000100000000)
  region size 1024K, 128 young (131072K), 2 survivors (2048K)
 Metaspace       used 114576K, committed 115328K, reserved 1179648K
  class space    used 15186K, committed 15552K, reserved 1048576K
}
Event: 34.476 GC heap after
{Heap after GC invocations=50 (full 0):
 garbage-first heap   total 388096K, used 171975K [0x0000000080000000, 0x0000000100000000)
  region size 1024K, 6 young (6144K), 6 survivors (6144K)
 Metaspace       used 114576K, committed 115328K, reserved 1179648K
  class space    used 15186K, committed 15552K, reserved 1048576K
}
Event: 35.921 GC heap before
{Heap before GC invocations=50 (full 0):
 garbage-first heap   total 388096K, used 302023K [0x0000000080000000, 0x0000000100000000)
  region size 1024K, 134 young (137216K), 6 survivors (6144K)
 Metaspace       used 117007K, committed 117888K, reserved 1179648K
  class space    used 15463K, committed 15872K, reserved 1048576K
}
Event: 35.937 GC heap after
{Heap after GC invocations=51 (full 0):
 garbage-first heap   total 388096K, used 178686K [0x0000000080000000, 0x0000000100000000)
  region size 1024K, 13 young (13312K), 13 survivors (13312K)
 Metaspace       used 117007K, committed 117888K, reserved 1179648K
  class space    used 15463K, committed 15872K, reserved 1048576K
}
Event: 37.996 GC heap before
{Heap before GC invocations=51 (full 0):
 garbage-first heap   total 388096K, used 308734K [0x0000000080000000, 0x0000000100000000)
  region size 1024K, 141 young (144384K), 13 survivors (13312K)
 Metaspace       used 118966K, committed 119744K, reserved 1179648K
  class space    used 15695K, committed 16064K, reserved 1048576K
}
Event: 38.016 GC heap after
{Heap after GC invocations=52 (full 0):
 garbage-first heap   total 388096K, used 187840K [0x0000000080000000, 0x0000000100000000)
  region size 1024K, 18 young (18432K), 18 survivors (18432K)
 Metaspace       used 118966K, committed 119744K, reserved 1179648K
  class space    used 15695K, committed 16064K, reserved 1048576K
}

