# JRE version: OpenJDK Runtime Environment (17.0.7) (build 17.0.7+0-b2043.56-10550314)
# Java VM: OpenJDK 64-Bit Server VM (17.0.7+0-b2043.56-10550314, mixed mode, tiered, compressed oops, compressed class ptrs, g1 gc, windows-amd64)
GC Precious Log:
 CPUs: 4 total, 4 available
 Memory: 7975M
 Large Page Support: Disabled
 NUMA Support: Disabled
 Compressed Oops: Enabled (32-bit)
 Heap Region Size: 1M
 Heap Min Capacity: 8M
 Heap Initial Capacity: 126M
 Heap Max Capacity: 2G
 Pre-touch: Disabled
 Parallel Workers: 4
 Concurrent Workers: 1
 Concurrent Refinement Workers: 4
 Periodic GC: Disabled
Heap:
 garbage-first heap   total 420864K, used 338432K [0x0000000080000000, 0x0000000100000000)
  region size 1024K, 4 young (4096K), 4 survivors (4096K)
 Metaspace       used 115258K, committed 115968K, reserved 1179648K
  class space    used 15809K, committed 16192K, reserved 1048576K
GC Heap History (20 events):
Event: 16.826 GC heap after
{Heap after GC invocations=50 (full 0):
 garbage-first heap   total 350208K, used 125245K [0x0000000080000000, 0x0000000100000000)
  region size 1024K, 12 young (12288K), 12 survivors (12288K)
 Metaspace       used 103658K, committed 104384K, reserved 1179648K
  class space    used 14086K, committed 14400K, reserved 1048576K
}
Event: 18.406 GC heap before
{Heap before GC invocations=50 (full 0):
 garbage-first heap   total 350208K, used 272701K [0x0000000080000000, 0x0000000100000000)
  region size 1024K, 157 young (160768K), 12 survivors (12288K)
 Metaspace       used 105410K, committed 106112K, reserved 1179648K
  class space    used 14333K, committed 14656K, reserved 1048576K
}
Event: 18.424 GC heap after
{Heap after GC invocations=51 (full 0):
 garbage-first heap   total 350208K, used 133884K [0x0000000080000000, 0x0000000100000000)
  region size 1024K, 18 young (18432K), 18 survivors (18432K)
 Metaspace       used 105410K, committed 106112K, reserved 1179648K
  class space    used 14333K, committed 14656K, reserved 1048576K
}
Event: 20.763 GC heap before
{Heap before GC invocations=51 (full 0):
 garbage-first heap   total 350208K, used 298748K [0x0000000080000000, 0x0000000100000000)
  region size 1024K, 157 young (160768K), 18 survivors (18432K)
 Metaspace       used 109365K, committed 110208K, reserved 1179648K
  class space    used 14866K, committed 15296K, reserved 1048576K
}
Event: 20.792 GC heap after
{Heap after GC invocations=52 (full 0):
 garbage-first heap   total 350208K, used 174052K [0x0000000080000000, 0x0000000100000000)
  region size 1024K, 18 young (18432K), 18 survivors (18432K)
 Metaspace       used 109365K, committed 110208K, reserved 1179648K
  class space    used 14866K, committed 15296K, reserved 1048576K
}
Event: 21.134 GC heap before
{Heap before GC invocations=52 (full 0):
 garbage-first heap   total 350208K, used 276452K [0x0000000080000000, 0x0000000100000000)
  region size 1024K, 84 young (86016K), 18 survivors (18432K)
 Metaspace       used 111610K, committed 112384K, reserved 1179648K
  class space    used 15150K, committed 15552K, reserved 1048576K
}
Event: 21.146 GC heap after
{Heap after GC invocations=53 (full 0):
 garbage-first heap   total 350208K, used 201216K [0x0000000080000000, 0x0000000100000000)
  region size 1024K, 11 young (11264K), 11 survivors (11264K)
 Metaspace       used 111610K, committed 112384K, reserved 1179648K
  class space    used 15150K, committed 15552K, reserved 1048576K
}
Event: 21.462 GC heap before
{Heap before GC invocations=53 (full 0):
 garbage-first heap   total 350208K, used 307712K [0x0000000080000000, 0x0000000100000000)
  region size 1024K, 95 young (97280K), 11 survivors (11264K)
 Metaspace       used 112077K, committed 112832K, reserved 1179648K
  class space    used 15212K, committed 15616K, reserved 1048576K
}
Event: 21.472 GC heap after
{Heap after GC invocations=54 (full 0):
 garbage-first heap   total 350208K, used 215011K [0x0000000080000000, 0x0000000100000000)
  region size 1024K, 8 young (8192K), 8 survivors (8192K)
 Metaspace       used 112077K, committed 112832K, reserved 1179648K
  class space    used 15212K, committed 15616K, reserved 1048576K
}
Event: 22.152 GC heap before
{Heap before GC invocations=54 (full 0):
 garbage-first heap   total 350208K, used 292835K [0x0000000080000000, 0x0000000100000000)
  region size 1024K, 82 young (83968K), 8 survivors (8192K)
 Metaspace       used 112296K, committed 113152K, reserved 1179648K
  class space    used 15243K, committed 15680K, reserved 1048576K
}
Event: 22.192 GC heap after
{Heap after GC invocations=55 (full 0):
 garbage-first heap   total 350208K, used 240322K [0x0000000080000000, 0x0000000100000000)
  region size 1024K, 11 young (11264K), 11 survivors (11264K)
 Metaspace       used 112296K, committed 113152K, reserved 1179648K
  class space    used 15243K, committed 15680K, reserved 1048576K
}
Event: 22.418 GC heap before
{Heap before GC invocations=55 (full 0):
 garbage-first heap   total 350208K, used 291522K [0x0000000080000000, 0x0000000100000000)
  region size 1024K, 58 young (59392K), 11 survivors (11264K)
 Metaspace       used 112454K, committed 113280K, reserved 1179648K
  class space    used 15258K, committed 15680K, reserved 1048576K
}
Event: 22.453 GC heap after
{Heap after GC invocations=56 (full 0):
 garbage-first heap   total 420864K, used 253440K [0x0000000080000000, 0x0000000100000000)
  region size 1024K, 8 young (8192K), 8 survivors (8192K)
 Metaspace       used 112454K, committed 113280K, reserved 1179648K
  class space    used 15258K, committed 15680K, reserved 1048576K
}
Event: 23.091 GC heap before
{Heap before GC invocations=56 (full 0):
 garbage-first heap   total 420864K, used 330240K [0x0000000080000000, 0x0000000100000000)
  region size 1024K, 83 young (84992K), 8 survivors (8192K)
 Metaspace       used 115211K, committed 115968K, reserved 1179648K
  class space    used 15809K, committed 16192K, reserved 1048576K
}
Event: 23.133 GC heap after
{Heap after GC invocations=57 (full 0):
 garbage-first heap   total 420864K, used 274944K [0x0000000080000000, 0x0000000100000000)
  region size 1024K, 11 young (11264K), 11 survivors (11264K)
 Metaspace       used 115211K, committed 115968K, reserved 1179648K
  class space    used 15809K, committed 16192K, reserved 1048576K
}
Event: 23.377 GC heap before
{Heap before GC invocations=57 (full 0):
 garbage-first heap   total 420864K, used 335360K [0x0000000080000000, 0x0000000100000000)
  region size 1024K, 71 young (72704K), 11 survivors (11264K)
 Metaspace       used 115249K, committed 115968K, reserved 1179648K
  class space    used 15809K, committed 16192K, reserved 1048576K
}
Event: 23.450 GC heap after
{Heap after GC invocations=58 (full 0):
 garbage-first heap   total 420864K, used 305664K [0x0000000080000000, 0x0000000100000000)
  region size 1024K, 9 young (9216K), 9 survivors (9216K)
 Metaspace       used 115249K, committed 115968K, reserved 1179648K
  class space    used 15809K, committed 16192K, reserved 1048576K
}
Event: 23.580 GC heap before
{Heap before GC invocations=58 (full 0):
 garbage-first heap   total 420864K, used 343552K [0x0000000080000000, 0x0000000100000000)
  region size 1024K, 46 young (47104K), 9 survivors (9216K)
 Metaspace       used 115257K, committed 115968K, reserved 1179648K
  class space    used 15809K, committed 16192K, reserved 1048576K
}
Event: 23.626 GC heap after
{Heap after GC invocations=59 (full 0):
 garbage-first heap   total 420864K, used 324608K [0x0000000080000000, 0x0000000100000000)
  region size 1024K, 6 young (6144K), 6 survivors (6144K)
 Metaspace       used 115257K, committed 115968K, reserved 1179648K
  class space    used 15809K, committed 16192K, reserved 1048576K
}
Event: 24.257 GC heap before
{Heap before GC invocations=59 (full 0):
 garbage-first heap   total 420864K, used 350208K [0x0000000080000000, 0x0000000100000000)
  region size 1024K, 31 young (31744K), 6 survivors (6144K)
 Metaspace       used 115258K, committed 115968K, reserved 1179648K
  class space    used 15809K, committed 16192K, reserved 1048576K
}

